[debug] [2021-07-20T16:59:18.393Z] ----------------------------------------------------------------------
[debug] [2021-07-20T16:59:18.395Z] Command:       C:\Program Files\nodejs\node.exe C:\Users\Bhavish\AppData\Roaming\npm\node_modules\firebase-tools\lib\bin\firebase.js emulators:start
[debug] [2021-07-20T16:59:18.395Z] CLI Version:   9.16.0
[debug] [2021-07-20T16:59:18.396Z] Platform:      win32
[debug] [2021-07-20T16:59:18.396Z] Node Version:  v14.16.0
[debug] [2021-07-20T16:59:18.407Z] Time:          Tue Jul 20 2021 22:29:18 GMT+0530 (India Standard Time)
[debug] [2021-07-20T16:59:18.407Z] ----------------------------------------------------------------------
[debug] 
[debug] [2021-07-20T16:59:18.465Z] > command requires scopes: ["email","openid","https://www.googleapis.com/auth/cloudplatformprojects.readonly","https://www.googleapis.com/auth/firebase","https://www.googleapis.com/auth/cloud-platform"]
[debug] [2021-07-20T16:59:18.465Z] > authorizing via signed-in user (bsshetty2000@gmail.com)
[info] i  emulators: Starting emulators: functions, hosting {"metadata":{"emulator":{"name":"hub"},"message":"Starting emulators: functions, hosting"}}
[debug] [2021-07-20T16:59:18.497Z] [hub] writing locator at C:\Users\Bhavish\AppData\Local\Temp\hub-shopify-777ae.json
[warn] !  functions: The following emulators are not running, calls to these services from the Functions emulator will affect production: auth, firestore, database, pubsub, storage {"metadata":{"emulator":{"name":"functions"},"message":"The following emulators are not running, calls to these services from the Functions emulator will affect production: \u001b[1mauth, firestore, database, pubsub, storage\u001b[22m"}}
[info] +  functions: Using node@14 from host. {"metadata":{"emulator":{"name":"functions"},"message":"Using node@14 from host."}}
[debug] [2021-07-20T16:59:18.730Z] defaultcredentials: writing to file C:\Users\Bhavish\AppData\Roaming\firebase\bsshetty2000_gmail_com_application_default_credentials.json
[debug] [2021-07-20T16:59:18.735Z] Setting GAC to C:\Users\Bhavish\AppData\Roaming\firebase\bsshetty2000_gmail_com_application_default_credentials.json {"metadata":{"emulator":{"name":"functions"},"message":"Setting GAC to C:\\Users\\Bhavish\\AppData\\Roaming\\firebase\\bsshetty2000_gmail_com_application_default_credentials.json"}}
[debug] [2021-07-20T16:59:18.737Z] > refreshing access token with scopes: []
[debug] [2021-07-20T16:59:18.737Z] >>> HTTP REQUEST POST https://www.googleapis.com/oauth2/v3/token  
 <request body omitted>
[debug] [2021-07-20T16:59:18.946Z] <<< HTTP RESPONSE 200 {"date":"Tue, 20 Jul 2021 16:59:18 GMT","pragma":"no-cache","expires":"Mon, 01 Jan 1990 00:00:00 GMT","cache-control":"no-cache, no-store, max-age=0, must-revalidate","content-type":"application/json; charset=utf-8","vary":"X-Origin, Referer, Origin,Accept-Encoding","server":"scaffolding on HTTPServer2","x-xss-protection":"0","x-frame-options":"SAMEORIGIN","x-content-type-options":"nosniff","alt-svc":"h3=\":443\"; ma=2592000,h3-29=\":443\"; ma=2592000,h3-T051=\":443\"; ma=2592000,h3-Q050=\":443\"; ma=2592000,h3-Q046=\":443\"; ma=2592000,h3-Q043=\":443\"; ma=2592000,quic=\":443\"; ma=2592000; v=\"46,43\"","accept-ranges":"none","transfer-encoding":"chunked"}
[debug] [2021-07-20T16:59:18.999Z] >>> [apiv2][query] GET https://firebase.googleapis.com/v1beta1/projects/shopify-777ae/adminSdkConfig [none]
[debug] [2021-07-20T16:59:19.575Z] <<< [apiv2][status] GET https://firebase.googleapis.com/v1beta1/projects/shopify-777ae/adminSdkConfig 200
[debug] [2021-07-20T16:59:19.575Z] <<< [apiv2][body] GET https://firebase.googleapis.com/v1beta1/projects/shopify-777ae/adminSdkConfig {"projectId":"shopify-777ae","storageBucket":"shopify-777ae.appspot.com","locationId":"us-central"}
[debug] [2021-07-20T16:59:19.598Z] >>> [apiv2][query] GET https://firebasehosting.googleapis.com/v1beta1/projects/shopify-777ae/sites 
[debug] [2021-07-20T16:59:21.258Z] <<< [apiv2][status] GET https://firebasehosting.googleapis.com/v1beta1/projects/shopify-777ae/sites 200
[debug] [2021-07-20T16:59:21.259Z] <<< [apiv2][body] GET https://firebasehosting.googleapis.com/v1beta1/projects/shopify-777ae/sites {"sites":[{"name":"projects/806845911867/sites/shopify-777ae","defaultUrl":"https://shopify-777ae.web.app","appId":"1:806845911867:web:9b007a84aa71a3bc035d1e","type":"DEFAULT_SITE"}]}
[debug] [2021-07-20T16:59:21.260Z] >>> [apiv2][query] GET https://firebase.googleapis.com/v1beta1/projects/shopify-777ae/webApps/1:806845911867:web:9b007a84aa71a3bc035d1e/config [none]
[debug] [2021-07-20T16:59:22.581Z] <<< [apiv2][status] GET https://firebase.googleapis.com/v1beta1/projects/shopify-777ae/webApps/1:806845911867:web:9b007a84aa71a3bc035d1e/config 200
[debug] [2021-07-20T16:59:22.582Z] <<< [apiv2][body] GET https://firebase.googleapis.com/v1beta1/projects/shopify-777ae/webApps/1:806845911867:web:9b007a84aa71a3bc035d1e/config {"projectId":"shopify-777ae","appId":"1:806845911867:web:9b007a84aa71a3bc035d1e","storageBucket":"shopify-777ae.appspot.com","locationId":"us-central","apiKey":"AIzaSyB_fbX8UN3HjhHK8io6AsuVeB0EMLaxX7w","authDomain":"shopify-777ae.firebaseapp.com","messagingSenderId":"806845911867","measurementId":"G-4TT9P4H6L3"}
[info] i  hosting: Serving hosting files from: build {"metadata":{"emulator":{"name":"hosting"},"message":"Serving hosting files from: \u001b[1mbuild\u001b[22m"}}
[info] +  hosting: Local server: http://localhost:5000 {"metadata":{"emulator":{"name":"hosting"},"message":"Local server: \u001b[4m\u001b[1mhttp://localhost:5000\u001b[22m\u001b[24m"}}
[debug] [2021-07-20T16:59:22.637Z] Ignoring unsupported arg: auto_download {"metadata":{"emulator":{"name":"ui"},"message":"Ignoring unsupported arg: auto_download"}}
[debug] [2021-07-20T16:59:22.637Z] Ignoring unsupported arg: port {"metadata":{"emulator":{"name":"ui"},"message":"Ignoring unsupported arg: port"}}
[debug] [2021-07-20T16:59:22.637Z] Starting Emulator UI with command {"binary":"node","args":["C:\\Users\\Bhavish\\.cache\\firebase\\emulators\\ui-v1.6.0\\server.bundle.js"],"optionalArgs":[],"joinArgs":false} {"metadata":{"emulator":{"name":"ui"},"message":"Starting Emulator UI with command {\"binary\":\"node\",\"args\":[\"C:\\\\Users\\\\Bhavish\\\\.cache\\\\firebase\\\\emulators\\\\ui-v1.6.0\\\\server.bundle.js\"],\"optionalArgs\":[],\"joinArgs\":false}"}}
[info] i  ui: Emulator UI logging to ui-debug.log {"metadata":{"emulator":{"name":"ui"},"message":"Emulator UI logging to \u001b[1mui-debug.log\u001b[22m"}}
[debug] [2021-07-20T16:59:23.042Z] Web / API server started at localhost:4000
 {"metadata":{"emulator":{"name":"ui"},"message":"Web / API server started at localhost:4000\n"}}
[info] i  functions: Watching "C:\Users\Bhavish\Desktop\All projects\shopify\shopify\functions" for Cloud Functions... {"metadata":{"emulator":{"name":"functions"},"message":"Watching \"C:\\Users\\Bhavish\\Desktop\\All projects\\shopify\\shopify\\functions\" for Cloud Functions..."}}
[debug] [2021-07-20T16:59:23.196Z] [worker-pool] addWorker(~diagnostic~) {"metadata":{"emulator":{"name":"functions"},"message":"[worker-pool] addWorker(~diagnostic~)"}}
[debug] [2021-07-20T16:59:23.196Z] [worker-pool] Adding worker with key ~diagnostic~, total=1 {"metadata":{"emulator":{"name":"functions"},"message":"[worker-pool] Adding worker with key ~diagnostic~, total=1"}}
[debug] [2021-07-20T16:59:23.196Z] [worker-pool] submitWork(triggerId=) {"metadata":{"emulator":{"name":"functions"},"message":"[worker-pool] submitWork(triggerId=)"}}
[debug] [2021-07-20T16:59:23.197Z] [worker-~diagnostic~-ce7ef168-34a8-42f3-84b5-ac592658bdc8]: Assigning socketPath: \\?\pipe\C:\Users\Bhavish\Desktop\All projects\shopify\shopify\functions\20792 {"metadata":{"emulator":{"name":"functions"},"message":"[worker-~diagnostic~-ce7ef168-34a8-42f3-84b5-ac592658bdc8]: Assigning socketPath: \\\\?\\pipe\\C:\\Users\\Bhavish\\Desktop\\All projects\\shopify\\shopify\\functions\\20792"}}
[debug] [2021-07-20T16:59:23.197Z] [worker-~diagnostic~-ce7ef168-34a8-42f3-84b5-ac592658bdc8]: BUSY {"metadata":{"emulator":{"name":"functions"},"message":"[worker-~diagnostic~-ce7ef168-34a8-42f3-84b5-ac592658bdc8]: BUSY"}}
[debug] [2021-07-20T16:59:23.456Z] [runtime-status] [20792] Functions runtime initialized. {"cwd":"C:\\Users\\Bhavish\\Desktop\\All projects\\shopify\\shopify\\functions","node_version":"14.16.0"} {"metadata":{"emulator":{"name":"functions"},"message":"[runtime-status] [20792] Functions runtime initialized. {\"cwd\":\"C:\\\\Users\\\\Bhavish\\\\Desktop\\\\All projects\\\\shopify\\\\shopify\\\\functions\",\"node_version\":\"14.16.0\"}"}}
[debug] [2021-07-20T16:59:23.457Z] [runtime-status] [20792] Disabled runtime features: undefined {"metadata":{"emulator":{"name":"functions"},"message":"[runtime-status] [20792] Disabled runtime features: undefined"}}
[debug] [2021-07-20T16:59:23.460Z] [runtime-status] [20792] Resolved module firebase-admin {"declared":true,"installed":true,"version":"9.11.0","resolution":"C:\\Users\\Bhavish\\Desktop\\All projects\\shopify\\shopify\\functions\\node_modules\\firebase-admin\\lib\\index.js"} {"metadata":{"emulator":{"name":"functions"},"message":"[runtime-status] [20792] Resolved module firebase-admin {\"declared\":true,\"installed\":true,\"version\":\"9.11.0\",\"resolution\":\"C:\\\\Users\\\\Bhavish\\\\Desktop\\\\All projects\\\\shopify\\\\shopify\\\\functions\\\\node_modules\\\\firebase-admin\\\\lib\\\\index.js\"}"}}
[debug] [2021-07-20T16:59:23.462Z] [runtime-status] [20792] Resolved module firebase-functions {"declared":true,"installed":true,"version":"3.14.1","resolution":"C:\\Users\\Bhavish\\Desktop\\All projects\\shopify\\shopify\\functions\\node_modules\\firebase-functions\\lib\\index.js"} {"metadata":{"emulator":{"name":"functions"},"message":"[runtime-status] [20792] Resolved module firebase-functions {\"declared\":true,\"installed\":true,\"version\":\"3.14.1\",\"resolution\":\"C:\\\\Users\\\\Bhavish\\\\Desktop\\\\All projects\\\\shopify\\\\shopify\\\\functions\\\\node_modules\\\\firebase-functions\\\\lib\\\\index.js\"}"}}
[debug] [2021-07-20T16:59:23.473Z] [runtime-status] [20792] Resolved module firebase-functions {"declared":true,"installed":true,"version":"3.14.1","resolution":"C:\\Users\\Bhavish\\Desktop\\All projects\\shopify\\shopify\\functions\\node_modules\\firebase-functions\\lib\\index.js"} {"metadata":{"emulator":{"name":"functions"},"message":"[runtime-status] [20792] Resolved module firebase-functions {\"declared\":true,\"installed\":true,\"version\":\"3.14.1\",\"resolution\":\"C:\\\\Users\\\\Bhavish\\\\Desktop\\\\All projects\\\\shopify\\\\shopify\\\\functions\\\\node_modules\\\\firebase-functions\\\\lib\\\\index.js\"}"}}
[debug] [2021-07-20T16:59:23.474Z] [runtime-status] [20792] Outgoing network have been stubbed. [{"name":"http","status":"mocked"},{"name":"http","status":"mocked"},{"name":"https","status":"mocked"},{"name":"https","status":"mocked"},{"name":"net","status":"mocked"}] {"metadata":{"emulator":{"name":"functions"},"message":"[runtime-status] [20792] Outgoing network have been stubbed. [{\"name\":\"http\",\"status\":\"mocked\"},{\"name\":\"http\",\"status\":\"mocked\"},{\"name\":\"https\",\"status\":\"mocked\"},{\"name\":\"https\",\"status\":\"mocked\"},{\"name\":\"net\",\"status\":\"mocked\"}]"}}
[debug] [2021-07-20T16:59:23.476Z] [runtime-status] [20792] Resolved module firebase-functions {"declared":true,"installed":true,"version":"3.14.1","resolution":"C:\\Users\\Bhavish\\Desktop\\All projects\\shopify\\shopify\\functions\\node_modules\\firebase-functions\\lib\\index.js"} {"metadata":{"emulator":{"name":"functions"},"message":"[runtime-status] [20792] Resolved module firebase-functions {\"declared\":true,\"installed\":true,\"version\":\"3.14.1\",\"resolution\":\"C:\\\\Users\\\\Bhavish\\\\Desktop\\\\All projects\\\\shopify\\\\shopify\\\\functions\\\\node_modules\\\\firebase-functions\\\\lib\\\\index.js\"}"}}
[debug] [2021-07-20T16:59:23.530Z] [runtime-status] [20792] Checked functions.config() {"config":{}} {"metadata":{"emulator":{"name":"functions"},"message":"[runtime-status] [20792] Checked functions.config() {\"config\":{}}"}}
[debug] [2021-07-20T16:59:23.530Z] [runtime-status] [20792] firebase-functions has been stubbed. {"functionsResolution":{"declared":true,"installed":true,"version":"3.14.1","resolution":"C:\\Users\\Bhavish\\Desktop\\All projects\\shopify\\shopify\\functions\\node_modules\\firebase-functions\\lib\\index.js"}} {"metadata":{"emulator":{"name":"functions"},"message":"[runtime-status] [20792] firebase-functions has been stubbed. {\"functionsResolution\":{\"declared\":true,\"installed\":true,\"version\":\"3.14.1\",\"resolution\":\"C:\\\\Users\\\\Bhavish\\\\Desktop\\\\All projects\\\\shopify\\\\shopify\\\\functions\\\\node_modules\\\\firebase-functions\\\\lib\\\\index.js\"}}"}}
[debug] [2021-07-20T16:59:23.530Z] [runtime-status] [20792] Resolved module firebase-functions {"declared":true,"installed":true,"version":"3.14.1","resolution":"C:\\Users\\Bhavish\\Desktop\\All projects\\shopify\\shopify\\functions\\node_modules\\firebase-functions\\lib\\index.js"} {"metadata":{"emulator":{"name":"functions"},"message":"[runtime-status] [20792] Resolved module firebase-functions {\"declared\":true,\"installed\":true,\"version\":\"3.14.1\",\"resolution\":\"C:\\\\Users\\\\Bhavish\\\\Desktop\\\\All projects\\\\shopify\\\\shopify\\\\functions\\\\node_modules\\\\firebase-functions\\\\lib\\\\index.js\"}"}}
[debug] [2021-07-20T16:59:23.531Z] [runtime-status] [20792] Resolved module firebase-admin {"declared":true,"installed":true,"version":"9.11.0","resolution":"C:\\Users\\Bhavish\\Desktop\\All projects\\shopify\\shopify\\functions\\node_modules\\firebase-admin\\lib\\index.js"} {"metadata":{"emulator":{"name":"functions"},"message":"[runtime-status] [20792] Resolved module firebase-admin {\"declared\":true,\"installed\":true,\"version\":\"9.11.0\",\"resolution\":\"C:\\\\Users\\\\Bhavish\\\\Desktop\\\\All projects\\\\shopify\\\\shopify\\\\functions\\\\node_modules\\\\firebase-admin\\\\lib\\\\index.js\"}"}}
[debug] [2021-07-20T16:59:23.532Z] [runtime-status] [20792] Resolved module firebase-functions {"declared":true,"installed":true,"version":"3.14.1","resolution":"C:\\Users\\Bhavish\\Desktop\\All projects\\shopify\\shopify\\functions\\node_modules\\firebase-functions\\lib\\index.js"} {"metadata":{"emulator":{"name":"functions"},"message":"[runtime-status] [20792] Resolved module firebase-functions {\"declared\":true,\"installed\":true,\"version\":\"3.14.1\",\"resolution\":\"C:\\\\Users\\\\Bhavish\\\\Desktop\\\\All projects\\\\shopify\\\\shopify\\\\functions\\\\node_modules\\\\firebase-functions\\\\lib\\\\index.js\"}"}}
[debug] [2021-07-20T16:59:23.532Z] [runtime-status] [20792] firebase-admin has been stubbed. {"adminResolution":{"declared":true,"installed":true,"version":"9.11.0","resolution":"C:\\Users\\Bhavish\\Desktop\\All projects\\shopify\\shopify\\functions\\node_modules\\firebase-admin\\lib\\index.js"}} {"metadata":{"emulator":{"name":"functions"},"message":"[runtime-status] [20792] firebase-admin has been stubbed. {\"adminResolution\":{\"declared\":true,\"installed\":true,\"version\":\"9.11.0\",\"resolution\":\"C:\\\\Users\\\\Bhavish\\\\Desktop\\\\All projects\\\\shopify\\\\shopify\\\\functions\\\\node_modules\\\\firebase-admin\\\\lib\\\\index.js\"}}"}}
[info] +  functions[us-central1-api]: http function initialized (http://localhost:5001/shopify-777ae/us-central1/api). {"metadata":{"emulator":{"name":"functions"},"message":"\u001b[1mhttp\u001b[22m function initialized (http://localhost:5001/shopify-777ae/us-central1/api)."}}
[info] 
┌─────────────────────────────────────────────────────────────┐
│ ✔  All emulators ready! It is now safe to connect your app. │
│ i  View Emulator UI at http://localhost:4000                │
└─────────────────────────────────────────────────────────────┘

┌───────────┬────────────────┬─────────────────────────────────┐
│ Emulator  │ Host:Port      │ View in Emulator UI             │
├───────────┼────────────────┼─────────────────────────────────┤
│ Functions │ localhost:5001 │ http://localhost:4000/functions │
├───────────┼────────────────┼─────────────────────────────────┤
│ Hosting   │ localhost:5000 │ n/a                             │
└───────────┴────────────────┴─────────────────────────────────┘
  Emulator Hub running at localhost:4400
  Other reserved ports: 4500

Issues? Report them at https://github.com/firebase/firebase-tools/issues and attach the *-debug.log files.
 
[debug] [2021-07-20T16:59:23.740Z] [worker-~diagnostic~-ce7ef168-34a8-42f3-84b5-ac592658bdc8]: IDLE {"metadata":{"emulator":{"name":"functions"},"message":"[worker-~diagnostic~-ce7ef168-34a8-42f3-84b5-ac592658bdc8]: IDLE"}}
[debug] [2021-07-20T16:59:54.020Z] [work-queue] {"queueLength":1,"workRunningCount":0}
[debug] [2021-07-20T16:59:54.021Z] [work-queue] {"queueLength":0,"workRunningCount":1}
[debug] [2021-07-20T16:59:54.023Z] Accepted request GET /shopify-777ae/us-central1/api --> us-central1-api
[debug] [2021-07-20T16:59:54.046Z] [worker-pool] addWorker(us-central1-api) {"metadata":{"emulator":{"name":"functions"},"message":"[worker-pool] addWorker(us-central1-api)"}}
[debug] [2021-07-20T16:59:54.046Z] [worker-pool] Adding worker with key us-central1-api, total=1 {"metadata":{"emulator":{"name":"functions"},"message":"[worker-pool] Adding worker with key us-central1-api, total=1"}}
[debug] [2021-07-20T16:59:54.047Z] [worker-pool] submitWork(triggerId=us-central1-api) {"metadata":{"emulator":{"name":"functions"},"message":"[worker-pool] submitWork(triggerId=us-central1-api)"}}
[debug] [2021-07-20T16:59:54.047Z] [worker-us-central1-api-4b1b58d4-20df-4c11-8ba6-92cd4d9e2538]: Assigning socketPath: \\?\pipe\C:\Users\Bhavish\Desktop\All projects\shopify\shopify\functions\21696 {"metadata":{"emulator":{"name":"functions"},"message":"[worker-us-central1-api-4b1b58d4-20df-4c11-8ba6-92cd4d9e2538]: Assigning socketPath: \\\\?\\pipe\\C:\\Users\\Bhavish\\Desktop\\All projects\\shopify\\shopify\\functions\\21696"}}
[debug] [2021-07-20T16:59:54.047Z] [worker-us-central1-api-4b1b58d4-20df-4c11-8ba6-92cd4d9e2538]: BUSY {"metadata":{"emulator":{"name":"functions"},"message":"[worker-us-central1-api-4b1b58d4-20df-4c11-8ba6-92cd4d9e2538]: BUSY"}}
[debug] [2021-07-20T16:59:54.314Z] [runtime-status] [21696] Functions runtime initialized. {"cwd":"C:\\Users\\Bhavish\\Desktop\\All projects\\shopify\\shopify\\functions","node_version":"14.16.0"} {"metadata":{"emulator":{"name":"functions"},"function":{"name":"us-central1-api"},"message":"[runtime-status] [21696] Functions runtime initialized. {\"cwd\":\"C:\\\\Users\\\\Bhavish\\\\Desktop\\\\All projects\\\\shopify\\\\shopify\\\\functions\",\"node_version\":\"14.16.0\"}"}}
[debug] [2021-07-20T16:59:54.317Z] [runtime-status] [21696] Disabled runtime features: undefined {"metadata":{"emulator":{"name":"functions"},"function":{"name":"us-central1-api"},"message":"[runtime-status] [21696] Disabled runtime features: undefined"}}
[debug] [2021-07-20T16:59:54.320Z] [runtime-status] [21696] Resolved module firebase-admin {"declared":true,"installed":true,"version":"9.11.0","resolution":"C:\\Users\\Bhavish\\Desktop\\All projects\\shopify\\shopify\\functions\\node_modules\\firebase-admin\\lib\\index.js"} {"metadata":{"emulator":{"name":"functions"},"function":{"name":"us-central1-api"},"message":"[runtime-status] [21696] Resolved module firebase-admin {\"declared\":true,\"installed\":true,\"version\":\"9.11.0\",\"resolution\":\"C:\\\\Users\\\\Bhavish\\\\Desktop\\\\All projects\\\\shopify\\\\shopify\\\\functions\\\\node_modules\\\\firebase-admin\\\\lib\\\\index.js\"}"}}
[debug] [2021-07-20T16:59:54.321Z] [runtime-status] [21696] Resolved module firebase-functions {"declared":true,"installed":true,"version":"3.14.1","resolution":"C:\\Users\\Bhavish\\Desktop\\All projects\\shopify\\shopify\\functions\\node_modules\\firebase-functions\\lib\\index.js"} {"metadata":{"emulator":{"name":"functions"},"function":{"name":"us-central1-api"},"message":"[runtime-status] [21696] Resolved module firebase-functions {\"declared\":true,\"installed\":true,\"version\":\"3.14.1\",\"resolution\":\"C:\\\\Users\\\\Bhavish\\\\Desktop\\\\All projects\\\\shopify\\\\shopify\\\\functions\\\\node_modules\\\\firebase-functions\\\\lib\\\\index.js\"}"}}
[debug] [2021-07-20T16:59:54.332Z] [runtime-status] [21696] Resolved module firebase-functions {"declared":true,"installed":true,"version":"3.14.1","resolution":"C:\\Users\\Bhavish\\Desktop\\All projects\\shopify\\shopify\\functions\\node_modules\\firebase-functions\\lib\\index.js"} {"metadata":{"emulator":{"name":"functions"},"function":{"name":"us-central1-api"},"message":"[runtime-status] [21696] Resolved module firebase-functions {\"declared\":true,\"installed\":true,\"version\":\"3.14.1\",\"resolution\":\"C:\\\\Users\\\\Bhavish\\\\Desktop\\\\All projects\\\\shopify\\\\shopify\\\\functions\\\\node_modules\\\\firebase-functions\\\\lib\\\\index.js\"}"}}
[debug] [2021-07-20T16:59:54.334Z] [runtime-status] [21696] Outgoing network have been stubbed. [{"name":"http","status":"mocked"},{"name":"http","status":"mocked"},{"name":"https","status":"mocked"},{"name":"https","status":"mocked"},{"name":"net","status":"mocked"}] {"metadata":{"emulator":{"name":"functions"},"function":{"name":"us-central1-api"},"message":"[runtime-status] [21696] Outgoing network have been stubbed. [{\"name\":\"http\",\"status\":\"mocked\"},{\"name\":\"http\",\"status\":\"mocked\"},{\"name\":\"https\",\"status\":\"mocked\"},{\"name\":\"https\",\"status\":\"mocked\"},{\"name\":\"net\",\"status\":\"mocked\"}]"}}
[debug] [2021-07-20T16:59:54.335Z] [runtime-status] [21696] Resolved module firebase-functions {"declared":true,"installed":true,"version":"3.14.1","resolution":"C:\\Users\\Bhavish\\Desktop\\All projects\\shopify\\shopify\\functions\\node_modules\\firebase-functions\\lib\\index.js"} {"metadata":{"emulator":{"name":"functions"},"function":{"name":"us-central1-api"},"message":"[runtime-status] [21696] Resolved module firebase-functions {\"declared\":true,\"installed\":true,\"version\":\"3.14.1\",\"resolution\":\"C:\\\\Users\\\\Bhavish\\\\Desktop\\\\All projects\\\\shopify\\\\shopify\\\\functions\\\\node_modules\\\\firebase-functions\\\\lib\\\\index.js\"}"}}
[debug] [2021-07-20T16:59:54.382Z] [runtime-status] [21696] Checked functions.config() {"config":{}} {"metadata":{"emulator":{"name":"functions"},"function":{"name":"us-central1-api"},"message":"[runtime-status] [21696] Checked functions.config() {\"config\":{}}"}}
[debug] [2021-07-20T16:59:54.382Z] [runtime-status] [21696] firebase-functions has been stubbed. {"functionsResolution":{"declared":true,"installed":true,"version":"3.14.1","resolution":"C:\\Users\\Bhavish\\Desktop\\All projects\\shopify\\shopify\\functions\\node_modules\\firebase-functions\\lib\\index.js"}} {"metadata":{"emulator":{"name":"functions"},"function":{"name":"us-central1-api"},"message":"[runtime-status] [21696] firebase-functions has been stubbed. {\"functionsResolution\":{\"declared\":true,\"installed\":true,\"version\":\"3.14.1\",\"resolution\":\"C:\\\\Users\\\\Bhavish\\\\Desktop\\\\All projects\\\\shopify\\\\shopify\\\\functions\\\\node_modules\\\\firebase-functions\\\\lib\\\\index.js\"}}"}}
[debug] [2021-07-20T16:59:54.382Z] [runtime-status] [21696] Resolved module firebase-functions {"declared":true,"installed":true,"version":"3.14.1","resolution":"C:\\Users\\Bhavish\\Desktop\\All projects\\shopify\\shopify\\functions\\node_modules\\firebase-functions\\lib\\index.js"} {"metadata":{"emulator":{"name":"functions"},"function":{"name":"us-central1-api"},"message":"[runtime-status] [21696] Resolved module firebase-functions {\"declared\":true,\"installed\":true,\"version\":\"3.14.1\",\"resolution\":\"C:\\\\Users\\\\Bhavish\\\\Desktop\\\\All projects\\\\shopify\\\\shopify\\\\functions\\\\node_modules\\\\firebase-functions\\\\lib\\\\index.js\"}"}}
[debug] [2021-07-20T16:59:54.383Z] [runtime-status] [21696] Resolved module firebase-admin {"declared":true,"installed":true,"version":"9.11.0","resolution":"C:\\Users\\Bhavish\\Desktop\\All projects\\shopify\\shopify\\functions\\node_modules\\firebase-admin\\lib\\index.js"} {"metadata":{"emulator":{"name":"functions"},"function":{"name":"us-central1-api"},"message":"[runtime-status] [21696] Resolved module firebase-admin {\"declared\":true,\"installed\":true,\"version\":\"9.11.0\",\"resolution\":\"C:\\\\Users\\\\Bhavish\\\\Desktop\\\\All projects\\\\shopify\\\\shopify\\\\functions\\\\node_modules\\\\firebase-admin\\\\lib\\\\index.js\"}"}}
[debug] [2021-07-20T16:59:54.384Z] [runtime-status] [21696] Resolved module firebase-functions {"declared":true,"installed":true,"version":"3.14.1","resolution":"C:\\Users\\Bhavish\\Desktop\\All projects\\shopify\\shopify\\functions\\node_modules\\firebase-functions\\lib\\index.js"} {"metadata":{"emulator":{"name":"functions"},"function":{"name":"us-central1-api"},"message":"[runtime-status] [21696] Resolved module firebase-functions {\"declared\":true,\"installed\":true,\"version\":\"3.14.1\",\"resolution\":\"C:\\\\Users\\\\Bhavish\\\\Desktop\\\\All projects\\\\shopify\\\\shopify\\\\functions\\\\node_modules\\\\firebase-functions\\\\lib\\\\index.js\"}"}}
[debug] [2021-07-20T16:59:54.384Z] [runtime-status] [21696] firebase-admin has been stubbed. {"adminResolution":{"declared":true,"installed":true,"version":"9.11.0","resolution":"C:\\Users\\Bhavish\\Desktop\\All projects\\shopify\\shopify\\functions\\node_modules\\firebase-admin\\lib\\index.js"}} {"metadata":{"emulator":{"name":"functions"},"function":{"name":"us-central1-api"},"message":"[runtime-status] [21696] firebase-admin has been stubbed. {\"adminResolution\":{\"declared\":true,\"installed\":true,\"version\":\"9.11.0\",\"resolution\":\"C:\\\\Users\\\\Bhavish\\\\Desktop\\\\All projects\\\\shopify\\\\shopify\\\\functions\\\\node_modules\\\\firebase-admin\\\\lib\\\\index.js\"}}"}}
[debug] [2021-07-20T16:59:54.552Z] [runtime-status] [21696] Trigger "us-central1-api" has been found, beginning invocation! {"metadata":{"emulator":{"name":"functions"},"function":{"name":"us-central1-api"},"message":"[runtime-status] [21696] Trigger \"us-central1-api\" has been found, beginning invocation!"}}
[info] i  functions: Beginning execution of "us-central1-api" {"metadata":{"emulator":{"name":"functions"},"function":{"name":"us-central1-api"},"message":"Beginning execution of \"us-central1-api\""}}
[debug] [2021-07-20T16:59:54.553Z] [runtime-status] [21696] triggerDefinition {"httpsTrigger":{},"name":"api","entryPoint":"api","regions":["us-central1"],"region":"us-central1","id":"us-central1-api"} {"metadata":{"emulator":{"name":"functions"},"function":{"name":"us-central1-api"},"message":"[runtime-status] [21696] triggerDefinition {\"httpsTrigger\":{},\"name\":\"api\",\"entryPoint\":\"api\",\"regions\":[\"us-central1\"],\"region\":\"us-central1\",\"id\":\"us-central1-api\"}"}}
[debug] [2021-07-20T16:59:54.553Z] [runtime-status] [21696] Running us-central1-api in mode HTTPS {"metadata":{"emulator":{"name":"functions"},"function":{"name":"us-central1-api"},"message":"[runtime-status] [21696] Running us-central1-api in mode HTTPS"}}
[debug] [2021-07-20T16:59:54.556Z] [runtime-status] [21696] Attempting to listen to socketPath: \\?\pipe\C:\Users\Bhavish\Desktop\All projects\shopify\shopify\functions\21696 {"metadata":{"emulator":{"name":"functions"},"function":{"name":"us-central1-api"},"message":"[runtime-status] [21696] Attempting to listen to socketPath: \\\\?\\pipe\\C:\\Users\\Bhavish\\Desktop\\All projects\\shopify\\shopify\\functions\\21696"}}
[debug] [2021-07-20T16:59:54.559Z] [functions] Runtime ready! Sending request! {"metadata":{"emulator":{"name":"functions"},"message":"[functions] Runtime ready! Sending request!"}}
[debug] [2021-07-20T16:59:54.559Z] [functions] Got req.url=/shopify-777ae/us-central1/api, mapping to path=/ {"metadata":{"emulator":{"name":"functions"},"message":"[functions] Got req.url=/shopify-777ae/us-central1/api, mapping to path=/"}}
[debug] [2021-07-20T16:59:54.569Z] [runtime-status] [21696] Ephemeral server handling GET request {"metadata":{"emulator":{"name":"functions"},"function":{"name":"us-central1-api"},"message":"[runtime-status] [21696] Ephemeral server handling GET request"}}
[debug] [2021-07-20T16:59:54.575Z] [runtime-status] [21696] Ephemeral server survived. {"metadata":{"emulator":{"name":"functions"},"function":{"name":"us-central1-api"},"message":"[runtime-status] [21696] Ephemeral server survived."}}
[info] i  functions: Finished "us-central1-api" in ~1s {"metadata":{"emulator":{"name":"functions"},"function":{"name":"us-central1-api"},"message":"Finished \"us-central1-api\" in ~1s"}}
[debug] [2021-07-20T16:59:54.578Z] [worker-us-central1-api-4b1b58d4-20df-4c11-8ba6-92cd4d9e2538]: IDLE {"metadata":{"emulator":{"name":"functions"},"message":"[worker-us-central1-api-4b1b58d4-20df-4c11-8ba6-92cd4d9e2538]: IDLE"}}
[debug] [2021-07-20T16:59:54.579Z] [work-queue] {"queueLength":0,"workRunningCount":0}
[info] i  hosting: 127.0.0.1 - - [20/Jul/2021:17:00:02 +0000] "GET / HTTP/1.1" 200 4526 "-" "Mozilla/5.0 (Windows NT 10.0; Win64; x64) AppleWebKit/537.36 (KHTML, like Gecko) Chrome/91.0.4472.124 Safari/537.36" {"metadata":{"emulator":{"name":"hosting"},"message":"127.0.0.1 - - [20/Jul/2021:17:00:02 +0000] \"GET / HTTP/1.1\" 200 4526 \"-\" \"Mozilla/5.0 (Windows NT 10.0; Win64; x64) AppleWebKit/537.36 (KHTML, like Gecko) Chrome/91.0.4472.124 Safari/537.36\""}}
[debug] [2021-07-20T17:00:02.492Z] >>> [apiv2][query] GET https://www.gstatic.com/firebasejs/8.7.1/firebase-app.js [none]
[debug] [2021-07-20T17:00:02.647Z] <<< [apiv2][status] GET https://www.gstatic.com/firebasejs/8.7.1/firebase-app.js 200
[debug] [2021-07-20T17:00:02.648Z] <<< [apiv2][body] GET https://www.gstatic.com/firebasejs/8.7.1/firebase-app.js [stream]
[info] i  hosting: 127.0.0.1 - - [20/Jul/2021:17:00:02 +0000] "GET /__/firebase/8.7.1/firebase-app.js HTTP/1.1" 200 6965 "http://localhost:5000/" "Mozilla/5.0 (Windows NT 10.0; Win64; x64) AppleWebKit/537.36 (KHTML, like Gecko) Chrome/91.0.4472.124 Safari/537.36" {"metadata":{"emulator":{"name":"hosting"},"message":"127.0.0.1 - - [20/Jul/2021:17:00:02 +0000] \"GET /__/firebase/8.7.1/firebase-app.js HTTP/1.1\" 200 6965 \"http://localhost:5000/\" \"Mozilla/5.0 (Windows NT 10.0; Win64; x64) AppleWebKit/537.36 (KHTML, like Gecko) Chrome/91.0.4472.124 Safari/537.36\""}}
[debug] [2021-07-20T17:00:02.662Z] >>> [apiv2][query] GET https://www.gstatic.com/firebasejs/8.7.1/firebase-auth.js [none]
[debug] [2021-07-20T17:00:02.666Z] >>> [apiv2][query] GET https://www.gstatic.com/firebasejs/8.7.1/firebase-database.js [none]
[debug] [2021-07-20T17:00:02.770Z] <<< [apiv2][status] GET https://www.gstatic.com/firebasejs/8.7.1/firebase-database.js 200
[debug] [2021-07-20T17:00:02.771Z] <<< [apiv2][body] GET https://www.gstatic.com/firebasejs/8.7.1/firebase-database.js [stream]
[debug] [2021-07-20T17:00:02.784Z] <<< [apiv2][status] GET https://www.gstatic.com/firebasejs/8.7.1/firebase-auth.js 200
[debug] [2021-07-20T17:00:02.784Z] <<< [apiv2][body] GET https://www.gstatic.com/firebasejs/8.7.1/firebase-auth.js [stream]
[debug] [2021-07-20T17:00:02.799Z] >>> [apiv2][query] GET https://www.gstatic.com/firebasejs/8.7.1/firebase-firestore.js [none]
[debug] [2021-07-20T17:00:02.809Z] >>> [apiv2][query] GET https://www.gstatic.com/firebasejs/8.7.1/firebase-functions.js [none]
[debug] [2021-07-20T17:00:02.810Z] >>> [apiv2][query] GET https://www.gstatic.com/firebasejs/8.7.1/firebase-messaging.js [none]
[debug] [2021-07-20T17:00:02.812Z] >>> [apiv2][query] GET https://www.gstatic.com/firebasejs/8.7.1/firebase-storage.js [none]
[info] i  hosting: 127.0.0.1 - - [20/Jul/2021:17:00:02 +0000] "GET /__/firebase/8.7.1/firebase-database.js HTTP/1.1" 200 52287 "http://localhost:5000/" "Mozilla/5.0 (Windows NT 10.0; Win64; x64) AppleWebKit/537.36 (KHTML, like Gecko) Chrome/91.0.4472.124 Safari/537.36" {"metadata":{"emulator":{"name":"hosting"},"message":"127.0.0.1 - - [20/Jul/2021:17:00:02 +0000] \"GET /__/firebase/8.7.1/firebase-database.js HTTP/1.1\" 200 52287 \"http://localhost:5000/\" \"Mozilla/5.0 (Windows NT 10.0; Win64; x64) AppleWebKit/537.36 (KHTML, like Gecko) Chrome/91.0.4472.124 Safari/537.36\""}}
[info] i  hosting: 127.0.0.1 - - [20/Jul/2021:17:00:02 +0000] "GET /__/firebase/8.7.1/firebase-auth.js HTTP/1.1" 200 56948 "http://localhost:5000/" "Mozilla/5.0 (Windows NT 10.0; Win64; x64) AppleWebKit/537.36 (KHTML, like Gecko) Chrome/91.0.4472.124 Safari/537.36" {"metadata":{"emulator":{"name":"hosting"},"message":"127.0.0.1 - - [20/Jul/2021:17:00:02 +0000] \"GET /__/firebase/8.7.1/firebase-auth.js HTTP/1.1\" 200 56948 \"http://localhost:5000/\" \"Mozilla/5.0 (Windows NT 10.0; Win64; x64) AppleWebKit/537.36 (KHTML, like Gecko) Chrome/91.0.4472.124 Safari/537.36\""}}
[debug] [2021-07-20T17:00:02.845Z] >>> [apiv2][query] GET https://www.gstatic.com/firebasejs/8.7.1/firebase-analytics.js [none]
[debug] [2021-07-20T17:00:02.867Z] >>> [apiv2][query] GET https://www.gstatic.com/firebasejs/8.7.1/firebase-remote-config.js [none]
[debug] [2021-07-20T17:00:02.904Z] <<< [apiv2][status] GET https://www.gstatic.com/firebasejs/8.7.1/firebase-firestore.js 200
[debug] [2021-07-20T17:00:02.905Z] <<< [apiv2][body] GET https://www.gstatic.com/firebasejs/8.7.1/firebase-firestore.js [stream]
[debug] [2021-07-20T17:00:02.915Z] <<< [apiv2][status] GET https://www.gstatic.com/firebasejs/8.7.1/firebase-functions.js 200
[debug] [2021-07-20T17:00:02.916Z] <<< [apiv2][body] GET https://www.gstatic.com/firebasejs/8.7.1/firebase-functions.js [stream]
[info] i  hosting: 127.0.0.1 - - [20/Jul/2021:17:00:02 +0000] "GET /__/firebase/8.7.1/firebase-functions.js HTTP/1.1" 200 4017 "http://localhost:5000/" "Mozilla/5.0 (Windows NT 10.0; Win64; x64) AppleWebKit/537.36 (KHTML, like Gecko) Chrome/91.0.4472.124 Safari/537.36" {"metadata":{"emulator":{"name":"hosting"},"message":"127.0.0.1 - - [20/Jul/2021:17:00:02 +0000] \"GET /__/firebase/8.7.1/firebase-functions.js HTTP/1.1\" 200 4017 \"http://localhost:5000/\" \"Mozilla/5.0 (Windows NT 10.0; Win64; x64) AppleWebKit/537.36 (KHTML, like Gecko) Chrome/91.0.4472.124 Safari/537.36\""}}
[debug] [2021-07-20T17:00:02.922Z] >>> [apiv2][query] GET https://www.gstatic.com/firebasejs/8.7.1/firebase-performance.js [none]
[debug] [2021-07-20T17:00:02.952Z] <<< [apiv2][status] GET https://www.gstatic.com/firebasejs/8.7.1/firebase-messaging.js 200
[debug] [2021-07-20T17:00:02.952Z] <<< [apiv2][body] GET https://www.gstatic.com/firebasejs/8.7.1/firebase-messaging.js [stream]
[info] i  hosting: 127.0.0.1 - - [20/Jul/2021:17:00:02 +0000] "GET /__/firebase/8.7.1/firebase-messaging.js HTTP/1.1" 200 10868 "http://localhost:5000/" "Mozilla/5.0 (Windows NT 10.0; Win64; x64) AppleWebKit/537.36 (KHTML, like Gecko) Chrome/91.0.4472.124 Safari/537.36" {"metadata":{"emulator":{"name":"hosting"},"message":"127.0.0.1 - - [20/Jul/2021:17:00:02 +0000] \"GET /__/firebase/8.7.1/firebase-messaging.js HTTP/1.1\" 200 10868 \"http://localhost:5000/\" \"Mozilla/5.0 (Windows NT 10.0; Win64; x64) AppleWebKit/537.36 (KHTML, like Gecko) Chrome/91.0.4472.124 Safari/537.36\""}}
[info] i  hosting: 127.0.0.1 - - [20/Jul/2021:17:00:02 +0000] "GET /__/firebase/init.js?useEmulator=true HTTP/1.1" 200 - "http://localhost:5000/" "Mozilla/5.0 (Windows NT 10.0; Win64; x64) AppleWebKit/537.36 (KHTML, like Gecko) Chrome/91.0.4472.124 Safari/537.36" {"metadata":{"emulator":{"name":"hosting"},"message":"127.0.0.1 - - [20/Jul/2021:17:00:02 +0000] \"GET /__/firebase/init.js?useEmulator=true HTTP/1.1\" 200 - \"http://localhost:5000/\" \"Mozilla/5.0 (Windows NT 10.0; Win64; x64) AppleWebKit/537.36 (KHTML, like Gecko) Chrome/91.0.4472.124 Safari/537.36\""}}
[debug] [2021-07-20T17:00:02.974Z] <<< [apiv2][status] GET https://www.gstatic.com/firebasejs/8.7.1/firebase-analytics.js 200
[debug] [2021-07-20T17:00:02.975Z] <<< [apiv2][body] GET https://www.gstatic.com/firebasejs/8.7.1/firebase-analytics.js [stream]
[info] i  hosting: 127.0.0.1 - - [20/Jul/2021:17:00:02 +0000] "GET /__/firebase/8.7.1/firebase-analytics.js HTTP/1.1" 200 10768 "http://localhost:5000/" "Mozilla/5.0 (Windows NT 10.0; Win64; x64) AppleWebKit/537.36 (KHTML, like Gecko) Chrome/91.0.4472.124 Safari/537.36" {"metadata":{"emulator":{"name":"hosting"},"message":"127.0.0.1 - - [20/Jul/2021:17:00:02 +0000] \"GET /__/firebase/8.7.1/firebase-analytics.js HTTP/1.1\" 200 10768 \"http://localhost:5000/\" \"Mozilla/5.0 (Windows NT 10.0; Win64; x64) AppleWebKit/537.36 (KHTML, like Gecko) Chrome/91.0.4472.124 Safari/537.36\""}}
[info] i  hosting: 127.0.0.1 - - [20/Jul/2021:17:00:02 +0000] "GET /__/firebase/8.7.1/firebase-firestore.js HTTP/1.1" 200 93254 "http://localhost:5000/" "Mozilla/5.0 (Windows NT 10.0; Win64; x64) AppleWebKit/537.36 (KHTML, like Gecko) Chrome/91.0.4472.124 Safari/537.36" {"metadata":{"emulator":{"name":"hosting"},"message":"127.0.0.1 - - [20/Jul/2021:17:00:02 +0000] \"GET /__/firebase/8.7.1/firebase-firestore.js HTTP/1.1\" 200 93254 \"http://localhost:5000/\" \"Mozilla/5.0 (Windows NT 10.0; Win64; x64) AppleWebKit/537.36 (KHTML, like Gecko) Chrome/91.0.4472.124 Safari/537.36\""}}
[debug] [2021-07-20T17:00:02.994Z] <<< [apiv2][status] GET https://www.gstatic.com/firebasejs/8.7.1/firebase-storage.js 200
[debug] [2021-07-20T17:00:02.994Z] <<< [apiv2][body] GET https://www.gstatic.com/firebasejs/8.7.1/firebase-storage.js [stream]
[debug] [2021-07-20T17:00:02.998Z] <<< [apiv2][status] GET https://www.gstatic.com/firebasejs/8.7.1/firebase-remote-config.js 200
[debug] [2021-07-20T17:00:02.998Z] <<< [apiv2][body] GET https://www.gstatic.com/firebasejs/8.7.1/firebase-remote-config.js [stream]
[info] i  hosting: 127.0.0.1 - - [20/Jul/2021:17:00:03 +0000] "GET /__/firebase/8.7.1/firebase-remote-config.js HTTP/1.1" 200 10505 "http://localhost:5000/" "Mozilla/5.0 (Windows NT 10.0; Win64; x64) AppleWebKit/537.36 (KHTML, like Gecko) Chrome/91.0.4472.124 Safari/537.36" {"metadata":{"emulator":{"name":"hosting"},"message":"127.0.0.1 - - [20/Jul/2021:17:00:03 +0000] \"GET /__/firebase/8.7.1/firebase-remote-config.js HTTP/1.1\" 200 10505 \"http://localhost:5000/\" \"Mozilla/5.0 (Windows NT 10.0; Win64; x64) AppleWebKit/537.36 (KHTML, like Gecko) Chrome/91.0.4472.124 Safari/537.36\""}}
[debug] [2021-07-20T17:00:03.048Z] <<< [apiv2][status] GET https://www.gstatic.com/firebasejs/8.7.1/firebase-performance.js 200
[debug] [2021-07-20T17:00:03.048Z] <<< [apiv2][body] GET https://www.gstatic.com/firebasejs/8.7.1/firebase-performance.js [stream]
[info] i  hosting: 127.0.0.1 - - [20/Jul/2021:17:00:03 +0000] "GET /__/firebase/8.7.1/firebase-performance.js HTTP/1.1" 200 11644 "http://localhost:5000/" "Mozilla/5.0 (Windows NT 10.0; Win64; x64) AppleWebKit/537.36 (KHTML, like Gecko) Chrome/91.0.4472.124 Safari/537.36" {"metadata":{"emulator":{"name":"hosting"},"message":"127.0.0.1 - - [20/Jul/2021:17:00:03 +0000] \"GET /__/firebase/8.7.1/firebase-performance.js HTTP/1.1\" 200 11644 \"http://localhost:5000/\" \"Mozilla/5.0 (Windows NT 10.0; Win64; x64) AppleWebKit/537.36 (KHTML, like Gecko) Chrome/91.0.4472.124 Safari/537.36\""}}
[info] i  hosting: 127.0.0.1 - - [20/Jul/2021:17:00:03 +0000] "GET /__/firebase/8.7.1/firebase-storage.js HTTP/1.1" 200 12313 "http://localhost:5000/" "Mozilla/5.0 (Windows NT 10.0; Win64; x64) AppleWebKit/537.36 (KHTML, like Gecko) Chrome/91.0.4472.124 Safari/537.36" {"metadata":{"emulator":{"name":"hosting"},"message":"127.0.0.1 - - [20/Jul/2021:17:00:03 +0000] \"GET /__/firebase/8.7.1/firebase-storage.js HTTP/1.1\" 200 12313 \"http://localhost:5000/\" \"Mozilla/5.0 (Windows NT 10.0; Win64; x64) AppleWebKit/537.36 (KHTML, like Gecko) Chrome/91.0.4472.124 Safari/537.36\""}}
[debug] [2021-07-20T17:14:27.100Z] File C:\Users\Bhavish\Desktop\All projects\shopify\shopify\functions\index.js changed, reloading triggers {"metadata":{"emulator":{"name":"functions"},"message":"File C:\\Users\\Bhavish\\Desktop\\All projects\\shopify\\shopify\\functions\\index.js changed, reloading triggers"}}
[debug] [2021-07-20T17:14:28.115Z] [worker-pool] Shutting down IDLE worker (~diagnostic~) {"metadata":{"emulator":{"name":"functions"},"message":"[worker-pool] Shutting down IDLE worker (~diagnostic~)"}}
[debug] [2021-07-20T17:14:28.116Z] [worker-~diagnostic~-ce7ef168-34a8-42f3-84b5-ac592658bdc8]: FINISHING {"metadata":{"emulator":{"name":"functions"},"message":"[worker-~diagnostic~-ce7ef168-34a8-42f3-84b5-ac592658bdc8]: FINISHING"}}
[debug] [2021-07-20T17:14:28.116Z] [worker-pool] Shutting down IDLE worker (us-central1-api) {"metadata":{"emulator":{"name":"functions"},"message":"[worker-pool] Shutting down IDLE worker (us-central1-api)"}}
[debug] [2021-07-20T17:14:28.117Z] [worker-us-central1-api-4b1b58d4-20df-4c11-8ba6-92cd4d9e2538]: FINISHING {"metadata":{"emulator":{"name":"functions"},"message":"[worker-us-central1-api-4b1b58d4-20df-4c11-8ba6-92cd4d9e2538]: FINISHING"}}
[debug] [2021-07-20T17:14:28.130Z] [worker-pool] addWorker(~diagnostic~) {"metadata":{"emulator":{"name":"functions"},"message":"[worker-pool] addWorker(~diagnostic~)"}}
[debug] [2021-07-20T17:14:28.130Z] [worker-pool] Adding worker with key ~diagnostic~, total=2 {"metadata":{"emulator":{"name":"functions"},"message":"[worker-pool] Adding worker with key ~diagnostic~, total=2"}}
[debug] [2021-07-20T17:14:28.130Z] [worker-pool] submitWork(triggerId=) {"metadata":{"emulator":{"name":"functions"},"message":"[worker-pool] submitWork(triggerId=)"}}
[debug] [2021-07-20T17:14:28.130Z] [worker-~diagnostic~-dccb9c17-f1e1-4540-8e9e-3fffbc5b6c70]: Assigning socketPath: \\?\pipe\C:\Users\Bhavish\Desktop\All projects\shopify\shopify\functions\8360 {"metadata":{"emulator":{"name":"functions"},"message":"[worker-~diagnostic~-dccb9c17-f1e1-4540-8e9e-3fffbc5b6c70]: Assigning socketPath: \\\\?\\pipe\\C:\\Users\\Bhavish\\Desktop\\All projects\\shopify\\shopify\\functions\\8360"}}
[debug] [2021-07-20T17:14:28.130Z] [worker-~diagnostic~-dccb9c17-f1e1-4540-8e9e-3fffbc5b6c70]: BUSY {"metadata":{"emulator":{"name":"functions"},"message":"[worker-~diagnostic~-dccb9c17-f1e1-4540-8e9e-3fffbc5b6c70]: BUSY"}}
[debug] [2021-07-20T17:14:28.132Z] [worker-us-central1-api-4b1b58d4-20df-4c11-8ba6-92cd4d9e2538]: exited {"metadata":{"emulator":{"name":"functions"},"message":"[worker-us-central1-api-4b1b58d4-20df-4c11-8ba6-92cd4d9e2538]: exited"}}
[debug] [2021-07-20T17:14:28.132Z] [worker-us-central1-api-4b1b58d4-20df-4c11-8ba6-92cd4d9e2538]: FINISHED {"metadata":{"emulator":{"name":"functions"},"message":"[worker-us-central1-api-4b1b58d4-20df-4c11-8ba6-92cd4d9e2538]: FINISHED"}}
[debug] [2021-07-20T17:14:28.132Z] [worker-~diagnostic~-ce7ef168-34a8-42f3-84b5-ac592658bdc8]: exited {"metadata":{"emulator":{"name":"functions"},"message":"[worker-~diagnostic~-ce7ef168-34a8-42f3-84b5-ac592658bdc8]: exited"}}
[debug] [2021-07-20T17:14:28.133Z] [worker-~diagnostic~-ce7ef168-34a8-42f3-84b5-ac592658bdc8]: FINISHED {"metadata":{"emulator":{"name":"functions"},"message":"[worker-~diagnostic~-ce7ef168-34a8-42f3-84b5-ac592658bdc8]: FINISHED"}}
[debug] [2021-07-20T17:14:28.405Z] [runtime-status] [8360] Functions runtime initialized. {"cwd":"C:\\Users\\Bhavish\\Desktop\\All projects\\shopify\\shopify\\functions","node_version":"14.16.0"} {"metadata":{"emulator":{"name":"functions"},"message":"[runtime-status] [8360] Functions runtime initialized. {\"cwd\":\"C:\\\\Users\\\\Bhavish\\\\Desktop\\\\All projects\\\\shopify\\\\shopify\\\\functions\",\"node_version\":\"14.16.0\"}"}}
[debug] [2021-07-20T17:14:28.407Z] [runtime-status] [8360] Disabled runtime features: undefined {"metadata":{"emulator":{"name":"functions"},"message":"[runtime-status] [8360] Disabled runtime features: undefined"}}
[debug] [2021-07-20T17:14:28.410Z] [runtime-status] [8360] Resolved module firebase-admin {"declared":true,"installed":true,"version":"9.11.0","resolution":"C:\\Users\\Bhavish\\Desktop\\All projects\\shopify\\shopify\\functions\\node_modules\\firebase-admin\\lib\\index.js"} {"metadata":{"emulator":{"name":"functions"},"message":"[runtime-status] [8360] Resolved module firebase-admin {\"declared\":true,\"installed\":true,\"version\":\"9.11.0\",\"resolution\":\"C:\\\\Users\\\\Bhavish\\\\Desktop\\\\All projects\\\\shopify\\\\shopify\\\\functions\\\\node_modules\\\\firebase-admin\\\\lib\\\\index.js\"}"}}
[debug] [2021-07-20T17:14:28.412Z] [runtime-status] [8360] Resolved module firebase-functions {"declared":true,"installed":true,"version":"3.14.1","resolution":"C:\\Users\\Bhavish\\Desktop\\All projects\\shopify\\shopify\\functions\\node_modules\\firebase-functions\\lib\\index.js"} {"metadata":{"emulator":{"name":"functions"},"message":"[runtime-status] [8360] Resolved module firebase-functions {\"declared\":true,\"installed\":true,\"version\":\"3.14.1\",\"resolution\":\"C:\\\\Users\\\\Bhavish\\\\Desktop\\\\All projects\\\\shopify\\\\shopify\\\\functions\\\\node_modules\\\\firebase-functions\\\\lib\\\\index.js\"}"}}
[debug] [2021-07-20T17:14:28.423Z] [runtime-status] [8360] Resolved module firebase-functions {"declared":true,"installed":true,"version":"3.14.1","resolution":"C:\\Users\\Bhavish\\Desktop\\All projects\\shopify\\shopify\\functions\\node_modules\\firebase-functions\\lib\\index.js"} {"metadata":{"emulator":{"name":"functions"},"message":"[runtime-status] [8360] Resolved module firebase-functions {\"declared\":true,\"installed\":true,\"version\":\"3.14.1\",\"resolution\":\"C:\\\\Users\\\\Bhavish\\\\Desktop\\\\All projects\\\\shopify\\\\shopify\\\\functions\\\\node_modules\\\\firebase-functions\\\\lib\\\\index.js\"}"}}
[debug] [2021-07-20T17:14:28.425Z] [runtime-status] [8360] Outgoing network have been stubbed. [{"name":"http","status":"mocked"},{"name":"http","status":"mocked"},{"name":"https","status":"mocked"},{"name":"https","status":"mocked"},{"name":"net","status":"mocked"}] {"metadata":{"emulator":{"name":"functions"},"message":"[runtime-status] [8360] Outgoing network have been stubbed. [{\"name\":\"http\",\"status\":\"mocked\"},{\"name\":\"http\",\"status\":\"mocked\"},{\"name\":\"https\",\"status\":\"mocked\"},{\"name\":\"https\",\"status\":\"mocked\"},{\"name\":\"net\",\"status\":\"mocked\"}]"}}
[debug] [2021-07-20T17:14:28.425Z] [runtime-status] [8360] Resolved module firebase-functions {"declared":true,"installed":true,"version":"3.14.1","resolution":"C:\\Users\\Bhavish\\Desktop\\All projects\\shopify\\shopify\\functions\\node_modules\\firebase-functions\\lib\\index.js"} {"metadata":{"emulator":{"name":"functions"},"message":"[runtime-status] [8360] Resolved module firebase-functions {\"declared\":true,\"installed\":true,\"version\":\"3.14.1\",\"resolution\":\"C:\\\\Users\\\\Bhavish\\\\Desktop\\\\All projects\\\\shopify\\\\shopify\\\\functions\\\\node_modules\\\\firebase-functions\\\\lib\\\\index.js\"}"}}
[debug] [2021-07-20T17:14:28.471Z] [runtime-status] [8360] Checked functions.config() {"config":{}} {"metadata":{"emulator":{"name":"functions"},"message":"[runtime-status] [8360] Checked functions.config() {\"config\":{}}"}}
[debug] [2021-07-20T17:14:28.471Z] [runtime-status] [8360] firebase-functions has been stubbed. {"functionsResolution":{"declared":true,"installed":true,"version":"3.14.1","resolution":"C:\\Users\\Bhavish\\Desktop\\All projects\\shopify\\shopify\\functions\\node_modules\\firebase-functions\\lib\\index.js"}} {"metadata":{"emulator":{"name":"functions"},"message":"[runtime-status] [8360] firebase-functions has been stubbed. {\"functionsResolution\":{\"declared\":true,\"installed\":true,\"version\":\"3.14.1\",\"resolution\":\"C:\\\\Users\\\\Bhavish\\\\Desktop\\\\All projects\\\\shopify\\\\shopify\\\\functions\\\\node_modules\\\\firebase-functions\\\\lib\\\\index.js\"}}"}}
[debug] [2021-07-20T17:14:28.472Z] [runtime-status] [8360] Resolved module firebase-functions {"declared":true,"installed":true,"version":"3.14.1","resolution":"C:\\Users\\Bhavish\\Desktop\\All projects\\shopify\\shopify\\functions\\node_modules\\firebase-functions\\lib\\index.js"} {"metadata":{"emulator":{"name":"functions"},"message":"[runtime-status] [8360] Resolved module firebase-functions {\"declared\":true,\"installed\":true,\"version\":\"3.14.1\",\"resolution\":\"C:\\\\Users\\\\Bhavish\\\\Desktop\\\\All projects\\\\shopify\\\\shopify\\\\functions\\\\node_modules\\\\firebase-functions\\\\lib\\\\index.js\"}"}}
[debug] [2021-07-20T17:14:28.473Z] [runtime-status] [8360] Resolved module firebase-admin {"declared":true,"installed":true,"version":"9.11.0","resolution":"C:\\Users\\Bhavish\\Desktop\\All projects\\shopify\\shopify\\functions\\node_modules\\firebase-admin\\lib\\index.js"} {"metadata":{"emulator":{"name":"functions"},"message":"[runtime-status] [8360] Resolved module firebase-admin {\"declared\":true,\"installed\":true,\"version\":\"9.11.0\",\"resolution\":\"C:\\\\Users\\\\Bhavish\\\\Desktop\\\\All projects\\\\shopify\\\\shopify\\\\functions\\\\node_modules\\\\firebase-admin\\\\lib\\\\index.js\"}"}}
[debug] [2021-07-20T17:14:28.473Z] [runtime-status] [8360] Resolved module firebase-functions {"declared":true,"installed":true,"version":"3.14.1","resolution":"C:\\Users\\Bhavish\\Desktop\\All projects\\shopify\\shopify\\functions\\node_modules\\firebase-functions\\lib\\index.js"} {"metadata":{"emulator":{"name":"functions"},"message":"[runtime-status] [8360] Resolved module firebase-functions {\"declared\":true,\"installed\":true,\"version\":\"3.14.1\",\"resolution\":\"C:\\\\Users\\\\Bhavish\\\\Desktop\\\\All projects\\\\shopify\\\\shopify\\\\functions\\\\node_modules\\\\firebase-functions\\\\lib\\\\index.js\"}"}}
[debug] [2021-07-20T17:14:28.473Z] [runtime-status] [8360] firebase-admin has been stubbed. {"adminResolution":{"declared":true,"installed":true,"version":"9.11.0","resolution":"C:\\Users\\Bhavish\\Desktop\\All projects\\shopify\\shopify\\functions\\node_modules\\firebase-admin\\lib\\index.js"}} {"metadata":{"emulator":{"name":"functions"},"message":"[runtime-status] [8360] firebase-admin has been stubbed. {\"adminResolution\":{\"declared\":true,\"installed\":true,\"version\":\"9.11.0\",\"resolution\":\"C:\\\\Users\\\\Bhavish\\\\Desktop\\\\All projects\\\\shopify\\\\shopify\\\\functions\\\\node_modules\\\\firebase-admin\\\\lib\\\\index.js\"}}"}}
[debug] [2021-07-20T17:14:28.750Z] Received signal SIGHUP 1
